<?xml version="1.0" encoding="UTF-8"?>
<!-- Generated by org.testng.reporters.JUnitReportReporter -->
<testsuite hostname="MR26176P" failures="0" tests="3" name="AinicioTestNG.HdescargarArchivos" time="5.042" errors="0" timestamp="2022-07-04T12:49:59 CEST" skipped="0">
  <testcase classname="AinicioTestNG.HdescargarArchivos" name="verificarTamanio" time="2.491"/>
  <system-out/>
  <testcase classname="AinicioTestNG.HdescargarArchivos" name="descargarArchivo" time="2.327"/>
  <system-out/>
  <testcase classname="AinicioTestNG.HdescargarArchivos" name="verificarTipo" time="0.224"/>
  <system-out/>
</testsuite> <!-- AinicioTestNG.HdescargarArchivos -->
