<?xml version="1.0" encoding="UTF-8"?>
<!-- Generated by org.testng.reporters.JUnitReportReporter -->
<testsuite hostname="MR26176P" failures="0" tests="1" name="AinicioTestNG.BaseccionesComentarios" time="0.016" errors="0" timestamp="2022-06-30T11:20:22 CEST" skipped="0">
  <testcase classname="AinicioTestNG.BaseccionesComentarios" name="softAssert" time="0.016"/>
  <system-out/>
</testsuite> <!-- AinicioTestNG.BaseccionesComentarios -->
