<?xml version="1.0" encoding="UTF-8"?>
<!-- Generated by org.testng.reporters.JUnitReportReporter -->
<testsuite hostname="MR26176P" failures="0" tests="1" name="AinicioTestNG.AtodasEtiquetas" time="0.042" errors="0" timestamp="2022-06-30T08:25:56 CEST" skipped="0">
  <testcase classname="AinicioTestNG.AtodasEtiquetas" name="f" time="0.042"/>
  <system-out/>
</testsuite> <!-- AinicioTestNG.AtodasEtiquetas -->
