<?xml version="1.0" encoding="UTF-8"?>
<!-- Generated by org.testng.reporters.JUnitReportReporter -->
<testsuite hostname="MR26176P" failures="0" tests="1" name="AinicioTestNG.HsubirArchivo" time="1.339" errors="0" timestamp="2022-07-04T13:40:15 CEST" skipped="0">
  <testcase classname="AinicioTestNG.HsubirArchivo" name="subirArchivo" time="1.339"/>
  <system-out/>
</testsuite> <!-- AinicioTestNG.HsubirArchivo -->
