<?xml version="1.0" encoding="UTF-8"?>
<!-- Generated by org.testng.reporters.JUnitReportReporter -->
<testsuite hostname="MR26176P" failures="1" tests="3" name="AinicioTestNG.FejecutarVariasClases" time="0.547" errors="0" timestamp="2022-06-30T10:26:01 CEST" skipped="1">
  <testcase classname="AinicioTestNG.FejecutarVariasClases" name="test2" time="0.381"/>
  <system-out/>
  <testcase classname="AinicioTestNG.FejecutarVariasClases" name="test3" time="0.166">
    <failure message="deben tener el mismo título expected [Welcome: Mercury Tour] but found [Welcome: Mercury Tours]" type="java.lang.AssertionError">
      <![CDATA[java.lang.AssertionError: deben tener el mismo título expected [Welcome: Mercury Tour] but found [Welcome: Mercury Tours]
at org.testng.Assert.fail(Assert.java:110)
at org.testng.Assert.failNotEquals(Assert.java:1413)
at org.testng.Assert.assertEqualsImpl(Assert.java:149)
at org.testng.Assert.assertEquals(Assert.java:131)
at org.testng.Assert.assertEquals(Assert.java:655)
at AinicioTestNG.FejecutarVariasClases.test3(FejecutarVariasClases.java:80)
at java.base/jdk.internal.reflect.DirectMethodHandleAccessor.invoke(DirectMethodHandleAccessor.java:104)
at java.base/java.lang.reflect.Method.invoke(Method.java:577)
at org.testng.internal.invokers.MethodInvocationHelper.invokeMethod(MethodInvocationHelper.java:135)
at org.testng.internal.invokers.InvokeMethodRunnable.runOne(InvokeMethodRunnable.java:44)
at org.testng.internal.invokers.InvokeMethodRunnable.call(InvokeMethodRunnable.java:72)
at org.testng.internal.invokers.InvokeMethodRunnable.call(InvokeMethodRunnable.java:10)
at java.base/java.util.concurrent.FutureTask.run(FutureTask.java:264)
at java.base/java.util.concurrent.ThreadPoolExecutor.runWorker(ThreadPoolExecutor.java:1136)
at java.base/java.util.concurrent.ThreadPoolExecutor$Worker.run(ThreadPoolExecutor.java:635)
at java.base/java.lang.Thread.run(Thread.java:833)
]]>
    </failure>
  </testcase> <!-- test3 -->
  <system-out/>
  <testcase classname="AinicioTestNG.FejecutarVariasClases" name="test1">
    <skipped/>
  </testcase> <!-- test1 -->
  <system-out/>
</testsuite> <!-- AinicioTestNG.FejecutarVariasClases -->
