<?xml version="1.0" encoding="UTF-8"?>
<!-- Generated by org.testng.reporters.JUnitReportReporter -->
<testsuite hostname="MR26176P" failures="0" tests="2" name="AinicioTestNG.CdeshabilitarMetodo" time="0.017" errors="0" timestamp="2022-06-29T17:19:48 CEST" skipped="1">
  <testcase classname="AinicioTestNG.CdeshabilitarMetodo" name="test2" time="0.017"/>
  <system-out/>
  <testcase classname="AinicioTestNG.CdeshabilitarMetodo" name="test1">
    <skipped/>
  </testcase> <!-- test1 -->
  <system-out/>
</testsuite> <!-- AinicioTestNG.CdeshabilitarMetodo -->
