<?xml version="1.0" encoding="UTF-8"?>
<!-- Generated by org.testng.reporters.JUnitReportReporter -->
<testsuite hostname="MR26176P" failures="0" tests="3" name="AinicioTestNG.Cpriority" time="0.070" errors="0" timestamp="2022-06-30T11:51:14 CEST" skipped="1">
  <testcase classname="AinicioTestNG.Cpriority" name="test2" time="0.019"/>
  <system-out/>
  <testcase classname="AinicioTestNG.Cpriority" name="test3" time="0.051"/>
  <system-out/>
  <testcase classname="AinicioTestNG.Cpriority" name="test1">
    <skipped/>
  </testcase> <!-- test1 -->
  <system-out/>
</testsuite> <!-- AinicioTestNG.Cpriority -->
