<?xml version="1.0" encoding="UTF-8"?>
<!-- Generated by org.testng.reporters.JUnitReportReporter -->
<testsuite hostname="MR26176P" failures="0" tests="1" name="proyectoInicioTestNG.PrimerTest" time="7.685" errors="0" timestamp="2022-06-29T13:25:17 CEST" skipped="0">
  <testcase classname="proyectoInicioTestNG.PrimerTest" name="f" time="7.685"/>
  <system-out/>
</testsuite> <!-- proyectoInicioTestNG.PrimerTest -->
